ansible-playbook 2.8.1
  config file = /Users/yarahaddad/Documents/TestProject/qa-env-deployment/ansible.cfg
  configured module search path = [u'/Users/yarahaddad/.ansible/plugins/modules', u'/usr/share/ansible/plugins/modules']
  ansible python module location = /Library/Python/2.7/site-packages/ansible
  executable location = /usr/local/bin/ansible-playbook
  python version = 2.7.16 (default, Oct 17 2019, 17:14:30) [GCC 4.2.1 Compatible Apple LLVM 11.0.0 (clang-1100.0.32.4) (-macos10.15-objc-s
Using /Users/yarahaddad/Documents/TestProject/qa-env-deployment/ansible.cfg as config file
[DEPRECATION WARNING]: The TRANSFORM_INVALID_GROUP_CHARS settings is set to 
allow bad characters in group names by default, this will change, but still be 
user configurable on deprecation. This feature will be removed in version 2.10.
 Deprecation warnings can be disabled by setting deprecation_warnings=False in 
ansible.cfg.
 [WARNING]: Invalid characters were found in group names but not replaced, use
-vvvv to see details

PLAYBOOK: nv.yml ***************************************************************
1 plays in nv.yml
 [WARNING]: Could not match supplied host pattern, ignoring: nvs

PLAY [nvs] *********************************************************************
skipping: no hosts matched

PLAY RECAP *********************************************************************

